<?xml version="1.0" encoding="UTF-8"?>
<!-- Generated by org.testng.reporters.JUnitReportReporter -->
<testsuite skipped="0" hostname="dell" name="Utility.Base" tests="1" failures="0" timestamp="27 Nov 2020 03:12:19 GMT" time="0.009" errors="0">
  <testcase name="f" time="0.009" classname="Utility.Base"/>
</testsuite> <!-- Utility.Base -->
