<?xml version="1.0" encoding="UTF-8"?>
<!-- Generated by org.testng.reporters.JUnitReportReporter -->
<testsuite skipped="0" hostname="dell" name="Test.RegisterTest" tests="1" failures="0" timestamp="02 Dec 2020 14:34:08 GMT" time="7.513" errors="0">
  <testcase name="f" time="7.513" classname="Test.RegisterTest"/>
</testsuite> <!-- Test.RegisterTest -->
